<?xml version="1.0" encoding="UTF-8"?>
<testng-results ignored="0" total="2" passed="1" failed="1" skipped="0">
  <reporter-output>
  </reporter-output>
  <suite started-at="2023-11-24T23:10:11 EET" name="Command line suite" finished-at="2023-11-24T23:10:24 EET" duration-ms="12599">
    <groups>
    </groups>
    <test started-at="2023-11-24T23:10:11 EET" name="Command line test" finished-at="2023-11-24T23:10:24 EET" duration-ms="12599">
      <class name="org.example.tests.SearchVideoTest">
        <test-method is-config="true" signature="setUp(java.lang.String,java.lang.String)[pri:0, instance:org.example.tests.SearchVideoTest@865dd6]" started-at="2023-11-24T23:10:19 EET" name="setUp" finished-at="2023-11-24T23:10:23 EET" duration-ms="3519" status="PASS">
          <params>
            <param index="0">
              <value>
                <![CDATA[chrome]]>
              </value>
            </param>
            <param index="1">
              <value>
                <![CDATA[false]]>
              </value>
            </param>
          </params>
          <reporter-output>
          </reporter-output>
        </test-method> <!-- setUp -->
        <test-method signature="searchVideo()[pri:0, instance:org.example.tests.SearchVideoTest@865dd6]" started-at="2023-11-24T23:10:23 EET" name="searchVideo" finished-at="2023-11-24T23:10:23 EET" duration-ms="5" status="FAIL">
          <exception class="com.microsoft.playwright.PlaywrightException">
            <message>
              <![CDATA[Error {
  message='Target page, context or browser has been closed
  name='Error
  stack='Error: Target page, context or browser has been closed
    at DispatcherConnection.dispatch (C:\Users\user\AppData\Local\Temp\playwright-java-10992731780129799139\package\lib\server\dispatchers\dispatcher.js:227:49)
    at transport.onmessage (C:\Users\user\AppData\Local\Temp\playwright-java-10992731780129799139\package\lib\cli\driver.js:52:57)
    at Immediate._onImmediate (C:\Users\user\AppData\Local\Temp\playwright-java-10992731780129799139\package\lib\protocol\transport.js:77:34)
    at process.processImmediate (node:internal/timers:476:21)
}]]>
            </message>
            <full-stacktrace>
              <![CDATA[com.microsoft.playwright.PlaywrightException: Error {
  message='Target page, context or browser has been closed
  name='Error
  stack='Error: Target page, context or browser has been closed
    at DispatcherConnection.dispatch (C:\Users\user\AppData\Local\Temp\playwright-java-10992731780129799139\package\lib\server\dispatchers\dispatcher.js:227:49)
    at transport.onmessage (C:\Users\user\AppData\Local\Temp\playwright-java-10992731780129799139\package\lib\cli\driver.js:52:57)
    at Immediate._onImmediate (C:\Users\user\AppData\Local\Temp\playwright-java-10992731780129799139\package\lib\protocol\transport.js:77:34)
    at process.processImmediate (node:internal/timers:476:21)
}
at com.microsoft.playwright.impl.WaitableResult.get(WaitableResult.java:54)
at com.microsoft.playwright.impl.ChannelOwner.runUntil(ChannelOwner.java:111)
at com.microsoft.playwright.impl.Connection.sendMessage(Connection.java:126)
at com.microsoft.playwright.impl.ChannelOwner.sendMessage(ChannelOwner.java:102)
at com.microsoft.playwright.impl.LocatorImpl.expectImpl(LocatorImpl.java:620)
at com.microsoft.playwright.impl.LocatorImpl.lambda$expect$8(LocatorImpl.java:603)
at com.microsoft.playwright.impl.LoggingSupport.withLogging(LoggingSupport.java:47)
at com.microsoft.playwright.impl.ChannelOwner.withLogging(ChannelOwner.java:87)
at com.microsoft.playwright.impl.LocatorImpl.expect(LocatorImpl.java:603)
at com.microsoft.playwright.impl.AssertionsBase.expectImpl(AssertionsBase.java:60)
at com.microsoft.playwright.impl.AssertionsBase.expectImpl(AssertionsBase.java:50)
at com.microsoft.playwright.impl.LocatorAssertionsImpl.expectTrue(LocatorAssertionsImpl.java:352)
at com.microsoft.playwright.impl.LocatorAssertionsImpl.isVisible(LocatorAssertionsImpl.java:347)
at com.microsoft.playwright.assertions.LocatorAssertions.isVisible(LocatorAssertions.java:672)
at org.example.tests.SearchVideoTest.searchVideo(SearchVideoTest.java:13)
at java.base/jdk.internal.reflect.DirectMethodHandleAccessor.invoke(DirectMethodHandleAccessor.java:103)
at java.base/java.lang.reflect.Method.invoke(Method.java:580)
at org.testng.internal.invokers.MethodInvocationHelper.invokeMethod(MethodInvocationHelper.java:139)
at org.testng.internal.invokers.TestInvoker.invokeMethod(TestInvoker.java:664)
at org.testng.internal.invokers.TestInvoker.invokeTestMethod(TestInvoker.java:227)
at org.testng.internal.invokers.MethodRunner.runInSequence(MethodRunner.java:50)
at org.testng.internal.invokers.TestInvoker$MethodInvocationAgent.invoke(TestInvoker.java:957)
at org.testng.internal.invokers.TestInvoker.invokeTestMethods(TestInvoker.java:200)
at org.testng.internal.invokers.TestMethodWorker.invokeTestMethods(TestMethodWorker.java:148)
at org.testng.internal.invokers.TestMethodWorker.run(TestMethodWorker.java:128)
at java.base/java.util.ArrayList.forEach(ArrayList.java:1596)
at org.testng.TestRunner.privateRun(TestRunner.java:848)
at org.testng.TestRunner.run(TestRunner.java:621)
at org.testng.SuiteRunner.runTest(SuiteRunner.java:443)
at org.testng.SuiteRunner.runSequentially(SuiteRunner.java:437)
at org.testng.SuiteRunner.privateRun(SuiteRunner.java:397)
at org.testng.SuiteRunner.run(SuiteRunner.java:336)
at org.testng.SuiteRunnerWorker.runSuite(SuiteRunnerWorker.java:52)
at org.testng.SuiteRunnerWorker.run(SuiteRunnerWorker.java:95)
at org.testng.TestNG.runSuitesSequentially(TestNG.java:1280)
at org.testng.TestNG.runSuitesLocally(TestNG.java:1200)
at org.testng.TestNG.runSuites(TestNG.java:1114)
at org.testng.TestNG.run(TestNG.java:1082)
at org.apache.maven.surefire.testng.TestNGExecutor.run(TestNGExecutor.java:77)
at org.apache.maven.surefire.testng.TestNGDirectoryTestSuite.executeMulti(TestNGDirectoryTestSuite.java:159)
at org.apache.maven.surefire.testng.TestNGDirectoryTestSuite.execute(TestNGDirectoryTestSuite.java:99)
at org.apache.maven.surefire.testng.TestNGProvider.invoke(TestNGProvider.java:106)
at java.base/jdk.internal.reflect.DirectMethodHandleAccessor.invoke(DirectMethodHandleAccessor.java:103)
at java.base/java.lang.reflect.Method.invoke(Method.java:580)
at org.apache.maven.surefire.util.ReflectionUtils.invokeMethodWithArray(ReflectionUtils.java:189)
at org.apache.maven.surefire.booter.ProviderFactory$ProviderProxy.invoke(ProviderFactory.java:165)
at org.apache.maven.surefire.booter.ProviderFactory.invokeProvider(ProviderFactory.java:85)
at org.apache.maven.surefire.booter.ForkedBooter.runSuitesInProcess(ForkedBooter.java:115)
at org.apache.maven.surefire.booter.ForkedBooter.main(ForkedBooter.java:75)
Caused by: com.microsoft.playwright.impl.DriverException: Error {
  message='Target page, context or browser has been closed
  name='Error
  stack='Error: Target page, context or browser has been closed
    at DispatcherConnection.dispatch (C:\Users\user\AppData\Local\Temp\playwright-java-10992731780129799139\package\lib\server\dispatchers\dispatcher.js:227:49)
    at transport.onmessage (C:\Users\user\AppData\Local\Temp\playwright-java-10992731780129799139\package\lib\cli\driver.js:52:57)
    at Immediate._onImmediate (C:\Users\user\AppData\Local\Temp\playwright-java-10992731780129799139\package\lib\protocol\transport.js:77:34)
    at process.processImmediate (node:internal/timers:476:21)
}
at com.microsoft.playwright.impl.Connection.dispatch(Connection.java:226)
at com.microsoft.playwright.impl.Connection.processOneMessage(Connection.java:206)
at com.microsoft.playwright.impl.ChannelOwner.runUntil(ChannelOwner.java:109)
... 47 more
]]>
            </full-stacktrace>
          </exception> <!-- com.microsoft.playwright.PlaywrightException -->
          <reporter-output>
          </reporter-output>
        </test-method> <!-- searchVideo -->
        <test-method is-config="true" signature="tearDown(org.testng.ITestResult)[pri:0, instance:org.example.tests.SearchVideoTest@865dd6]" started-at="2023-11-24T23:10:23 EET" name="tearDown" finished-at="2023-11-24T23:10:24 EET" duration-ms="608" status="PASS">
          <params>
            <param index="0">
              <value>
                <![CDATA[[TestResult name=searchVideo status=FAILURE method=SearchVideoTest.searchVideo()[pri:0, instance:org.example.tests.SearchVideoTest@865dd6] output={null}]]]>
              </value>
            </param>
          </params>
          <reporter-output>
          </reporter-output>
        </test-method> <!-- tearDown -->
      </class> <!-- org.example.tests.SearchVideoTest -->
      <class name="org.example.tests.HomepageTest">
        <test-method is-config="true" signature="setUp(java.lang.String,java.lang.String)[pri:0, instance:org.example.tests.HomepageTest@1649b0e6]" started-at="2023-11-24T23:10:11 EET" name="setUp" finished-at="2023-11-24T23:10:19 EET" duration-ms="7845" status="PASS">
          <params>
            <param index="0">
              <value>
                <![CDATA[chrome]]>
              </value>
            </param>
            <param index="1">
              <value>
                <![CDATA[false]]>
              </value>
            </param>
          </params>
          <reporter-output>
          </reporter-output>
        </test-method> <!-- setUp -->
        <test-method signature="verifyHeadingIsVisible()[pri:0, instance:org.example.tests.HomepageTest@1649b0e6]" started-at="2023-11-24T23:10:19 EET" name="verifyHeadingIsVisible" finished-at="2023-11-24T23:10:19 EET" duration-ms="221" status="PASS">
          <reporter-output>
          </reporter-output>
        </test-method> <!-- verifyHeadingIsVisible -->
        <test-method is-config="true" signature="tearDown(org.testng.ITestResult)[pri:0, instance:org.example.tests.HomepageTest@1649b0e6]" started-at="2023-11-24T23:10:19 EET" name="tearDown" finished-at="2023-11-24T23:10:19 EET" duration-ms="269" status="PASS">
          <params>
            <param index="0">
              <value>
                <![CDATA[[TestResult name=verifyHeadingIsVisible status=SUCCESS method=HomepageTest.verifyHeadingIsVisible()[pri:0, instance:org.example.tests.HomepageTest@1649b0e6] output={null}]]]>
              </value>
            </param>
          </params>
          <reporter-output>
          </reporter-output>
        </test-method> <!-- tearDown -->
      </class> <!-- org.example.tests.HomepageTest -->
    </test> <!-- Command line test -->
  </suite> <!-- Command line suite -->
</testng-results>
