<?xml version="1.0" encoding="UTF-8" ?>
<testsuite tests="2" failures="2" name="org.example.tests.SearchVideoTest" time="40.569" errors="0" skipped="0">
  <properties>
    <property name="idea.version" value="2022.2.5"/>
    <property name="java.runtime.name" value="OpenJDK Runtime Environment"/>
    <property name="java.vm.version" value="21.0.1+12-29"/>
    <property name="sun.boot.library.path" value="C:\Users\user\.jdks\openjdk-21.0.1\bin"/>
    <property name="maven.multiModuleProjectDirectory" value="C:\Users\user\Desktop\template-java-playwright-pageobject-main"/>
    <property name="java.vm.vendor" value="Oracle Corporation"/>
    <property name="java.vendor.url" value="https://java.oracle.com/"/>
    <property name="guice.disable.misplaced.annotation.check" value="true"/>
    <property name="path.separator" value=";"/>
    <property name="java.vm.name" value="OpenJDK 64-Bit Server VM"/>
    <property name="sun.os.patch.level" value=""/>
    <property name="user.script" value=""/>
    <property name="user.country" value="UA"/>
    <property name="sun.java.launcher" value="SUN_STANDARD"/>
    <property name="test" value="SearchVideoTest"/>
    <property name="java.vm.specification.name" value="Java Virtual Machine Specification"/>
    <property name="user.dir" value="C:\Users\user\Desktop\template-java-playwright-pageobject-main"/>
    <property name="java.vm.compressedOopsMode" value="32-bit"/>
    <property name="java.runtime.version" value="21.0.1+12-29"/>
    <property name="os.arch" value="amd64"/>
    <property name="java.io.tmpdir" value="C:\Users\user\AppData\Local\Temp\"/>
    <property name="line.separator" value="
"/>
    <property name="java.vm.specification.vendor" value="Oracle Corporation"/>
    <property name="user.variant" value=""/>
    <property name="stderr.encoding" value="UTF-8"/>
    <property name="os.name" value="Windows 10"/>
    <property name="maven.ext.class.path" value="C:\Program Files\JetBrains\IntelliJ IDEA Community Edition 2022.2.1\plugins\maven\lib\maven-event-listener.jar"/>
    <property name="classworlds.conf" value="C:\Program Files\JetBrains\IntelliJ IDEA Community Edition 2022.2.1\plugins\maven\lib\maven3\bin\m2.conf"/>
    <property name="sun.jnu.encoding" value="Cp1251"/>
    <property name="stdout.encoding" value="UTF-8"/>
    <property name="java.library.path" value="C:\Users\user\.jdks\openjdk-21.0.1\bin;C:\WINDOWS\Sun\Java\bin;C:\WINDOWS\system32;C:\WINDOWS;C:\Program Files (x86)\Gapotchenko\Eazfuscator.NET;C:\Program Files (x86)\Eziriz\IntelliLock;C:\Program Files (x86)\Eziriz\.NET Reactor;C:\PROGRA~2\Borland\CBUILD~1\Bin;C:\PROGRA~2\Borland\CBUILD~1\Projects\Bpl;D:\oracle\dbhomeXE\bin;C:\Program Files\Python38\Scripts\;C:\Program Files\Python38\;C:\Program Files\Common Files\Oracle\Java\javapath;C:\Program Files (x86)\Common Files\Oracle\Java\javapath;C:\WINDOWS\system32;C:\WINDOWS;C:\WINDOWS\System32\Wbem;C:\WINDOWS\System32\WindowsPowerShell\v1.0\;C:\WINDOWS\System32\OpenSSH\;C:\Program Files\PuTTY\;C:\Program Files\Microsoft VS Code\bin;C:\Program Files\Git\cmd;C:\Program Files\nodejs\;C:\Program Files\apache-maven-3.6.3\bin;C:\Program Files\TortoiseGit\bin;C:\Program Files\dotnet\;C:\Program Files\Microsoft SQL Server\130\Tools\Binn\;C:\Program Files\Java\jdk-11.0.9\bin;C:\xampp\php;D:\haxe\haxe;D:\haxe\neko;C:\Program Files\NVIDIA Corporation\NVIDIA NvDLISR;C:\Program Files (x86)\NVIDIA Corporation\PhysX\Common;C:\Android;C:\Windows\System32;C:\Program Files (x86)\dotnet\;C:\Program Files\Docker\Docker\resources\bin;C:\Users\user\scoop\shims;C:\Users\user\AppData\Local\Microsoft\WindowsApps;C:\Program Files\Java\jdk-11.0.9;C:\Users\user\AppData\Roaming\npm;C:\Users\user\.dotnet\tools;C:\Program Files (x86)\Nmap;D:\gradle-6.8.3\bin;D:\adb;C:\Users\user\AppData\Local\Programs\Fiddler;C:\Users\user\AppData\Local\GitHubDesktop\bin;C:\Users\user\Desktop\olb-autotests12\allure-2.17.1\bin;C:\Program Files\JetBrains\IntelliJ IDEA Community Edition 2022.2.1\bin;;C:\Users\user\Desktop\php;."/>
    <property name="maven.conf" value="C:\Program Files\JetBrains\IntelliJ IDEA Community Edition 2022.2.1\plugins\maven\lib\maven3/conf"/>
    <property name="jdk.debug" value="release"/>
    <property name="java.class.version" value="65.0"/>
    <property name="java.specification.name" value="Java Platform API Specification"/>
    <property name="sun.management.compiler" value="HotSpot 64-Bit Tiered Compilers"/>
    <property name="os.version" value="10.0"/>
    <property name="user.home" value="C:\Users\user"/>
    <property name="user.timezone" value="Europe/Kiev"/>
    <property name="file.encoding" value="UTF-8"/>
    <property name="java.specification.version" value="21"/>
    <property name="user.name" value="user"/>
    <property name="java.class.path" value="C:\Program Files\JetBrains\IntelliJ IDEA Community Edition 2022.2.1\plugins\maven\lib\maven3\boot\plexus-classworlds-2.6.0.jar;C:\Program Files\JetBrains\IntelliJ IDEA Community Edition 2022.2.1\plugins\maven\lib\maven3\boot\plexus-classworlds.license"/>
    <property name="java.vm.specification.version" value="21"/>
    <property name="sun.arch.data.model" value="64"/>
    <property name="sun.java.command" value="org.codehaus.classworlds.Launcher -Didea.version=2022.2.5 test -Dtest=SearchVideoTest"/>
    <property name="java.home" value="C:\Users\user\.jdks\openjdk-21.0.1"/>
    <property name="user.language" value="uk"/>
    <property name="java.specification.vendor" value="Oracle Corporation"/>
    <property name="java.vm.info" value="mixed mode, sharing"/>
    <property name="java.version" value="21.0.1"/>
    <property name="native.encoding" value="Cp1251"/>
    <property name="java.vendor" value="Oracle Corporation"/>
    <property name="sun.stderr.encoding" value="UTF-8"/>
    <property name="maven.home" value="C:\Program Files\JetBrains\IntelliJ IDEA Community Edition 2022.2.1\plugins\maven\lib\maven3"/>
    <property name="file.separator" value="\"/>
    <property name="java.version.date" value="2023-10-17"/>
    <property name="java.vendor.url.bug" value="https://bugreport.java.com/bugreport/"/>
    <property name="sun.io.unicode.encoding" value="UnicodeLittle"/>
    <property name="sun.cpu.endian" value="little"/>
    <property name="sun.stdout.encoding" value="UTF-8"/>
    <property name="sun.cpu.isalist" value="amd64"/>
  </properties>
  <testcase classname="org.example.tests.SearchVideoTest" name="searchVideo" time="20.268">
    <failure message="Error {
  message=&apos;Page closed
=========================== logs ===========================
waiting for locator(&quot;xpath=(//like-button-view-model[@class=&apos;YtLikeButtonViewModelHost&apos;])[1]&quot;) to be visible
============================================================
  name=&apos;Error
  stack=&apos;Error: Page closed
=========================== logs ===========================
waiting for locator(&quot;xpath=(//like-button-view-model[@class=&apos;YtLikeButtonViewModelHost&apos;])[1]&quot;) to be visible
============================================================
    at LongStandingScope._race (C:\Users\user\AppData\Local\Temp\playwright-java-982392060868857281\package\lib\utils\manualPromise.js:96:51)
    at LongStandingScope.race (C:\Users\user\AppData\Local\Temp\playwright-java-982392060868857281\package\lib\utils\manualPromise.js:87:17)
    at C:\Users\user\AppData\Local\Temp\playwright-java-982392060868857281\package\lib\utils\manualPromise.js:84:43
    at Array.map (&lt;anonymous&gt;)
    at LongStandingScope.raceMultiple (C:\Users\user\AppData\Local\Temp\playwright-java-982392060868857281\package\lib\utils\manualPromise.js:84:32)
    at Frame.retryWithProgressAndTimeouts (C:\Users\user\AppData\Local\Temp\playwright-java-982392060868857281\package\lib\server\frames.js:907:40)
    at async ProgressController.run (C:\Users\user\AppData\Local\Temp\playwright-java-982392060868857281\package\lib\server\progress.js:92:22)
    at async FrameDispatcher.waitForSelector (C:\Users\user\AppData\Local\Temp\playwright-java-982392060868857281\package\lib\server\dispatchers\frameDispatcher.js:103:85)
    at async DispatcherConnection.dispatch (C:\Users\user\AppData\Local\Temp\playwright-java-982392060868857281\package\lib\server\dispatchers\dispatcher.js:313:22)
}" type="com.microsoft.playwright.PlaywrightException">com.microsoft.playwright.PlaywrightException: Error {
  message=&apos;Page closed
=========================== logs ===========================
waiting for locator(&quot;xpath=(//like-button-view-model[@class=&apos;YtLikeButtonViewModelHost&apos;])[1]&quot;) to be visible
============================================================
  name=&apos;Error
  stack=&apos;Error: Page closed
=========================== logs ===========================
waiting for locator(&quot;xpath=(//like-button-view-model[@class=&apos;YtLikeButtonViewModelHost&apos;])[1]&quot;) to be visible
============================================================
    at LongStandingScope._race (C:\Users\user\AppData\Local\Temp\playwright-java-982392060868857281\package\lib\utils\manualPromise.js:96:51)
    at LongStandingScope.race (C:\Users\user\AppData\Local\Temp\playwright-java-982392060868857281\package\lib\utils\manualPromise.js:87:17)
    at C:\Users\user\AppData\Local\Temp\playwright-java-982392060868857281\package\lib\utils\manualPromise.js:84:43
    at Array.map (&lt;anonymous&gt;)
    at LongStandingScope.raceMultiple (C:\Users\user\AppData\Local\Temp\playwright-java-982392060868857281\package\lib\utils\manualPromise.js:84:32)
    at Frame.retryWithProgressAndTimeouts (C:\Users\user\AppData\Local\Temp\playwright-java-982392060868857281\package\lib\server\frames.js:907:40)
    at async ProgressController.run (C:\Users\user\AppData\Local\Temp\playwright-java-982392060868857281\package\lib\server\progress.js:92:22)
    at async FrameDispatcher.waitForSelector (C:\Users\user\AppData\Local\Temp\playwright-java-982392060868857281\package\lib\server\dispatchers\frameDispatcher.js:103:85)
    at async DispatcherConnection.dispatch (C:\Users\user\AppData\Local\Temp\playwright-java-982392060868857281\package\lib\server\dispatchers\dispatcher.js:313:22)
}
	at com.microsoft.playwright.impl.WaitableResult.get(WaitableResult.java:54)
	at com.microsoft.playwright.impl.ChannelOwner.runUntil(ChannelOwner.java:111)
	at com.microsoft.playwright.impl.Connection.sendMessage(Connection.java:126)
	at com.microsoft.playwright.impl.ChannelOwner.sendMessage(ChannelOwner.java:102)
	at com.microsoft.playwright.impl.FrameImpl.waitForSelectorImpl(FrameImpl.java:1064)
	at com.microsoft.playwright.impl.LocatorImpl.lambda$waitForImpl$7(LocatorImpl.java:594)
	at com.microsoft.playwright.impl.LoggingSupport.withLogging(LoggingSupport.java:47)
	at com.microsoft.playwright.impl.ChannelOwner.withLogging(ChannelOwner.java:87)
	at com.microsoft.playwright.impl.LocatorImpl.waitForImpl(LocatorImpl.java:594)
	at com.microsoft.playwright.impl.LocatorImpl.waitFor(LocatorImpl.java:590)
	at com.microsoft.playwright.Locator.waitFor(Locator.java:5062)
	at org.example.pages.SearchPage.getLikeButton(SearchPage.java:37)
	at org.example.tests.SearchVideoTest.searchVideo(SearchVideoTest.java:25)
Caused by: com.microsoft.playwright.impl.DriverException: Error {
  message=&apos;Page closed
=========================== logs ===========================
waiting for locator(&quot;xpath=(//like-button-view-model[@class=&apos;YtLikeButtonViewModelHost&apos;])[1]&quot;) to be visible
============================================================
  name=&apos;Error
  stack=&apos;Error: Page closed
=========================== logs ===========================
waiting for locator(&quot;xpath=(//like-button-view-model[@class=&apos;YtLikeButtonViewModelHost&apos;])[1]&quot;) to be visible
============================================================
    at LongStandingScope._race (C:\Users\user\AppData\Local\Temp\playwright-java-982392060868857281\package\lib\utils\manualPromise.js:96:51)
    at LongStandingScope.race (C:\Users\user\AppData\Local\Temp\playwright-java-982392060868857281\package\lib\utils\manualPromise.js:87:17)
    at C:\Users\user\AppData\Local\Temp\playwright-java-982392060868857281\package\lib\utils\manualPromise.js:84:43
    at Array.map (&lt;anonymous&gt;)
    at LongStandingScope.raceMultiple (C:\Users\user\AppData\Local\Temp\playwright-java-982392060868857281\package\lib\utils\manualPromise.js:84:32)
    at Frame.retryWithProgressAndTimeouts (C:\Users\user\AppData\Local\Temp\playwright-java-982392060868857281\package\lib\server\frames.js:907:40)
    at async ProgressController.run (C:\Users\user\AppData\Local\Temp\playwright-java-982392060868857281\package\lib\server\progress.js:92:22)
    at async FrameDispatcher.waitForSelector (C:\Users\user\AppData\Local\Temp\playwright-java-982392060868857281\package\lib\server\dispatchers\frameDispatcher.js:103:85)
    at async DispatcherConnection.dispatch (C:\Users\user\AppData\Local\Temp\playwright-java-982392060868857281\package\lib\server\dispatchers\dispatcher.js:313:22)
}
	at com.microsoft.playwright.impl.Connection.dispatch(Connection.java:226)
	at com.microsoft.playwright.impl.Connection.processOneMessage(Connection.java:206)
	at com.microsoft.playwright.impl.ChannelOwner.runUntil(ChannelOwner.java:109)
	... 44 more
</failure>
    <system-out>Configuring TestNG with: org.apache.maven.surefire.testng.conf.TestNG652Configurator@1b40d5f0
</system-out>
    <system-err>SLF4J: Failed to load class &quot;org.slf4j.impl.StaticLoggerBinder&quot;.
SLF4J: Defaulting to no-operation (NOP) logger implementation
SLF4J: See http://www.slf4j.org/codes.html#StaticLoggerBinder for further details.
</system-err>
  </testcase>
  <testcase classname="org.example.tests.SearchVideoTest" name="tearDown" time="20.301">
    <failure message="Error {
  message=&apos;Target page, context or browser has been closed
  name=&apos;Error
  stack=&apos;Error: Target page, context or browser has been closed
    at DispatcherConnection.dispatch (C:\Users\user\AppData\Local\Temp\playwright-java-982392060868857281\package\lib\server\dispatchers\dispatcher.js:227:49)
    at transport.onmessage (C:\Users\user\AppData\Local\Temp\playwright-java-982392060868857281\package\lib\cli\driver.js:52:57)
    at Immediate._onImmediate (C:\Users\user\AppData\Local\Temp\playwright-java-982392060868857281\package\lib\protocol\transport.js:77:34)
    at process.processImmediate (node:internal/timers:476:21)
}" type="com.microsoft.playwright.PlaywrightException">com.microsoft.playwright.PlaywrightException: Error {
  message=&apos;Target page, context or browser has been closed
  name=&apos;Error
  stack=&apos;Error: Target page, context or browser has been closed
    at DispatcherConnection.dispatch (C:\Users\user\AppData\Local\Temp\playwright-java-982392060868857281\package\lib\server\dispatchers\dispatcher.js:227:49)
    at transport.onmessage (C:\Users\user\AppData\Local\Temp\playwright-java-982392060868857281\package\lib\cli\driver.js:52:57)
    at Immediate._onImmediate (C:\Users\user\AppData\Local\Temp\playwright-java-982392060868857281\package\lib\protocol\transport.js:77:34)
    at process.processImmediate (node:internal/timers:476:21)
}
	at com.microsoft.playwright.impl.WaitableResult.get(WaitableResult.java:54)
	at com.microsoft.playwright.impl.ChannelOwner.runUntil(ChannelOwner.java:111)
	at com.microsoft.playwright.impl.Connection.sendMessage(Connection.java:126)
	at com.microsoft.playwright.impl.ChannelOwner.sendMessage(ChannelOwner.java:102)
	at com.microsoft.playwright.impl.PageImpl.screenshotImpl(PageImpl.java:1085)
	at com.microsoft.playwright.impl.PageImpl.lambda$screenshot$65(PageImpl.java:1029)
	at com.microsoft.playwright.impl.LoggingSupport.withLogging(LoggingSupport.java:47)
	at com.microsoft.playwright.impl.ChannelOwner.withLogging(ChannelOwner.java:87)
	at com.microsoft.playwright.impl.PageImpl.screenshot(PageImpl.java:1029)
	at org.example.base.BaseTest.tearDown(BaseTest.java:49)
	at java.base/jdk.internal.reflect.DirectMethodHandleAccessor.invoke(DirectMethodHandleAccessor.java:103)
	at java.base/java.lang.reflect.Method.invoke(Method.java:580)
	at org.testng.internal.invokers.MethodInvocationHelper.invokeMethod(MethodInvocationHelper.java:139)
	at org.testng.internal.invokers.MethodInvocationHelper.invokeMethodConsideringTimeout(MethodInvocationHelper.java:69)
	at org.testng.internal.invokers.ConfigInvoker.invokeConfigurationMethod(ConfigInvoker.java:390)
	at org.testng.internal.invokers.ConfigInvoker.invokeConfigurations(ConfigInvoker.java:325)
	at org.testng.internal.invokers.TestInvoker.runConfigMethods(TestInvoker.java:810)
	at org.testng.internal.invokers.TestInvoker.runAfterConfigurations(TestInvoker.java:779)
	at org.testng.internal.invokers.TestInvoker.invokeMethod(TestInvoker.java:755)
	at org.testng.internal.invokers.TestInvoker.invokeTestMethod(TestInvoker.java:227)
	at org.testng.internal.invokers.MethodRunner.runInSequence(MethodRunner.java:50)
	at org.testng.internal.invokers.TestInvoker$MethodInvocationAgent.invoke(TestInvoker.java:957)
	at org.testng.internal.invokers.TestInvoker.invokeTestMethods(TestInvoker.java:200)
	at org.testng.internal.invokers.TestMethodWorker.invokeTestMethods(TestMethodWorker.java:148)
	at org.testng.internal.invokers.TestMethodWorker.run(TestMethodWorker.java:128)
	at java.base/java.util.ArrayList.forEach(ArrayList.java:1596)
	at org.testng.TestRunner.privateRun(TestRunner.java:848)
	at org.testng.TestRunner.run(TestRunner.java:621)
	at org.testng.SuiteRunner.runTest(SuiteRunner.java:443)
	at org.testng.SuiteRunner.runSequentially(SuiteRunner.java:437)
	at org.testng.SuiteRunner.privateRun(SuiteRunner.java:397)
	at org.testng.SuiteRunner.run(SuiteRunner.java:336)
	at org.testng.SuiteRunnerWorker.runSuite(SuiteRunnerWorker.java:52)
	at org.testng.SuiteRunnerWorker.run(SuiteRunnerWorker.java:95)
	at org.testng.TestNG.runSuitesSequentially(TestNG.java:1280)
	at org.testng.TestNG.runSuitesLocally(TestNG.java:1200)
	at org.testng.TestNG.runSuites(TestNG.java:1114)
	at org.testng.TestNG.run(TestNG.java:1082)
	at org.apache.maven.surefire.testng.TestNGExecutor.run(TestNGExecutor.java:77)
	at org.apache.maven.surefire.testng.TestNGDirectoryTestSuite.execute(TestNGDirectoryTestSuite.java:110)
	at org.apache.maven.surefire.testng.TestNGProvider.invoke(TestNGProvider.java:106)
	at java.base/jdk.internal.reflect.DirectMethodHandleAccessor.invoke(DirectMethodHandleAccessor.java:103)
	at java.base/java.lang.reflect.Method.invoke(Method.java:580)
	at org.apache.maven.surefire.util.ReflectionUtils.invokeMethodWithArray(ReflectionUtils.java:189)
	at org.apache.maven.surefire.booter.ProviderFactory$ProviderProxy.invoke(ProviderFactory.java:165)
	at org.apache.maven.surefire.booter.ProviderFactory.invokeProvider(ProviderFactory.java:85)
	at org.apache.maven.surefire.booter.ForkedBooter.runSuitesInProcess(ForkedBooter.java:115)
	at org.apache.maven.surefire.booter.ForkedBooter.main(ForkedBooter.java:75)
Caused by: com.microsoft.playwright.impl.DriverException: Error {
  message=&apos;Target page, context or browser has been closed
  name=&apos;Error
  stack=&apos;Error: Target page, context or browser has been closed
    at DispatcherConnection.dispatch (C:\Users\user\AppData\Local\Temp\playwright-java-982392060868857281\package\lib\server\dispatchers\dispatcher.js:227:49)
    at transport.onmessage (C:\Users\user\AppData\Local\Temp\playwright-java-982392060868857281\package\lib\cli\driver.js:52:57)
    at Immediate._onImmediate (C:\Users\user\AppData\Local\Temp\playwright-java-982392060868857281\package\lib\protocol\transport.js:77:34)
    at process.processImmediate (node:internal/timers:476:21)
}
	at com.microsoft.playwright.impl.Connection.dispatch(Connection.java:226)
	at com.microsoft.playwright.impl.Connection.processOneMessage(Connection.java:206)
	at com.microsoft.playwright.impl.ChannelOwner.runUntil(ChannelOwner.java:109)
	... 46 more
Caused by: com.microsoft.playwright.impl.DriverException: Error {
  message=&apos;Target page, context or browser has been closed
  name=&apos;Error
  stack=&apos;Error: Target page, context or browser has been closed
    at DispatcherConnection.dispatch (C:\Users\user\AppData\Local\Temp\playwright-java-982392060868857281\package\lib\server\dispatchers\dispatcher.js:227:49)
    at transport.onmessage (C:\Users\user\AppData\Local\Temp\playwright-java-982392060868857281\package\lib\cli\driver.js:52:57)
    at Immediate._onImmediate (C:\Users\user\AppData\Local\Temp\playwright-java-982392060868857281\package\lib\protocol\transport.js:77:34)
    at process.processImmediate (node:internal/timers:476:21)
}
	at com.microsoft.playwright.impl.Connection.dispatch(Connection.java:226)
	at com.microsoft.playwright.impl.Connection.processOneMessage(Connection.java:206)
	at com.microsoft.playwright.impl.ChannelOwner.runUntil(ChannelOwner.java:109)
	... 46 more
</failure>
  </testcase>
</testsuite>